<?xml version="1.0" encoding="UTF-8"?>
<testsuite xmlns:xsi="http://www.w3.org/2001/XMLSchema-instance" xsi:noNamespaceSchemaLocation="https://maven.apache.org/surefire/maven-surefire-plugin/xsd/surefire-test-report-3.0.xsd" version="3.0" name="com.demo.StreamLambdaHandlerTest" time="3.17" tests="2" errors="0" skipped="0" failures="0">
  <properties>
[...]
</properties>
  <testcase name="ping_streamRequest_respondsWithHello" classname="com.demo.StreamLambdaHandlerTest" time="0.058">
    <system-out><![CDATA[02:47:59.694 [main] INFO com.amazonaws.serverless.proxy.internal.LambdaContainerHandler -- Starting Lambda Container Handler

  .   ____          _            __ _ _
 /\\ / ___'_ __ _ _(_)_ __  __ _ \ \ \ \
( ( )\___ | '_ | '_| | '_ \/ _` | \ \ \ \
 \\/  ___)| |_)| | | | | || (_| |  ) ) ) )
  '  |____| .__|_| |_|_| |_\__, | / / / /
 =========|_|==============|___/=/_/_/_/
 :: Spring Boot ::                (v3.1.0)

2023-08-04T02:48:00.129+07:00  INFO 21464 --- [           main] o.a.maven.surefire.booter.ForkedBooter   : Starting ForkedBooter v3.0.0 using Java 19.0.2 with PID 21464 (started by tle78 in D:\MAIN\HOCTAP\NEXT\NEXT\NEXT\aws-serverless-lab2)
2023-08-04T02:48:00.130+07:00  INFO 21464 --- [           main] o.a.maven.surefire.booter.ForkedBooter   : No active profile set, falling back to 1 default profile: "default"
2023-08-04T02:48:00.564+07:00  INFO 21464 --- [           main] .s.d.r.c.RepositoryConfigurationDelegate : Bootstrapping Spring Data JPA repositories in DEFAULT mode.
2023-08-04T02:48:00.607+07:00  INFO 21464 --- [           main] .s.d.r.c.RepositoryConfigurationDelegate : Finished Spring Data repository scanning in 36 ms. Found 1 JPA repository interfaces.
2023-08-04T02:48:00.894+07:00  INFO 21464 --- [           main] c.a.s.p.i.servlet.AwsServletContext      : Initializing Spring embedded WebApplicationContext
2023-08-04T02:48:00.895+07:00  INFO 21464 --- [           main] w.s.c.ServletWebServerApplicationContext : Root WebApplicationContext: initialization completed in 733 ms
2023-08-04T02:48:00.958+07:00  INFO 21464 --- [           main] com.zaxxer.hikari.HikariDataSource       : HikariPool-1 - Starting...
2023-08-04T02:48:01.107+07:00  INFO 21464 --- [           main] com.zaxxer.hikari.pool.HikariPool        : HikariPool-1 - Added connection conn0: url=jdbc:h2:mem:product-db user=SA
2023-08-04T02:48:01.108+07:00  INFO 21464 --- [           main] com.zaxxer.hikari.HikariDataSource       : HikariPool-1 - Start completed.
2023-08-04T02:48:01.116+07:00  INFO 21464 --- [           main] o.s.b.a.h2.H2ConsoleAutoConfiguration    : H2 console available at '/h2-console'. Database available at 'jdbc:h2:mem:product-db'
2023-08-04T02:48:01.204+07:00  INFO 21464 --- [           main] o.hibernate.jpa.internal.util.LogHelper  : HHH000204: Processing PersistenceUnitInfo [name: default]
2023-08-04T02:48:01.244+07:00  INFO 21464 --- [           main] org.hibernate.Version                    : HHH000412: Hibernate ORM core version 6.2.2.Final
2023-08-04T02:48:01.246+07:00  INFO 21464 --- [           main] org.hibernate.cfg.Environment            : HHH000406: Using bytecode reflection optimizer
2023-08-04T02:48:01.376+07:00  INFO 21464 --- [           main] o.h.b.i.BytecodeProviderInitiator        : HHH000021: Bytecode provider name : bytebuddy
2023-08-04T02:48:01.490+07:00  INFO 21464 --- [           main] o.s.o.j.p.SpringPersistenceUnitInfo      : No LoadTimeWeaver setup: ignoring JPA class transformer
2023-08-04T02:48:01.526+07:00  INFO 21464 --- [           main] org.hibernate.orm.dialect                : HHH035001: Using dialect: org.hibernate.dialect.H2Dialect, version: 2.1.214
2023-08-04T02:48:01.652+07:00  INFO 21464 --- [           main] o.h.b.i.BytecodeProviderInitiator        : HHH000021: Bytecode provider name : bytebuddy
2023-08-04T02:48:02.082+07:00  INFO 21464 --- [           main] o.h.e.t.j.p.i.JtaPlatformInitiator       : HHH000490: Using JtaPlatform implementation: [org.hibernate.engine.transaction.jta.platform.internal.NoJtaPlatform]
2023-08-04T02:48:02.104+07:00  INFO 21464 --- [           main] o.h.t.s.i.e.GenerationTargetToDatabase   : HHH000476: Executing script '[injected ScriptSourceInputNonExistentImpl script]'
2023-08-04T02:48:02.106+07:00  INFO 21464 --- [           main] j.LocalContainerEntityManagerFactoryBean : Initialized JPA EntityManagerFactory for persistence unit 'default'
2023-08-04T02:48:02.283+07:00  WARN 21464 --- [           main] JpaBaseConfiguration$JpaWebConfiguration : spring.jpa.open-in-view is enabled by default. Therefore, database queries may be performed during view rendering. Explicitly configure spring.jpa.open-in-view to disable this warning
2023-08-04T02:48:02.503+07:00  INFO 21464 --- [           main] o.a.maven.surefire.booter.ForkedBooter   : Started ForkedBooter in 2.637 seconds (process running for 3.208)
2023-08-04T02:48:02.597+07:00  INFO 21464 --- [           main] c.a.s.p.i.servlet.AwsServletContext      : Initializing Spring DispatcherServlet 'dispatcherServlet'
2023-08-04T02:48:02.597+07:00  INFO 21464 --- [           main] o.s.web.servlet.DispatcherServlet        : Initializing Servlet 'dispatcherServlet'
2023-08-04T02:48:02.598+07:00  INFO 21464 --- [           main] o.s.web.servlet.DispatcherServlet        : Completed initialization in 1 ms
2023-08-04T02:48:02.653+07:00  INFO 21464 --- [           main] c.a.s.p.internal.LambdaContainerHandler  : 127.0.0.1 null- null [03/08/2023:19:48:02+0700] "GET /ping HTTP/1.1" 200 24 "-" "-" combined
]]></system-out>
  </testcase>
  <testcase name="invalidResource_streamRequest_responds404" classname="com.demo.StreamLambdaHandlerTest" time="0.003">
    <system-out><![CDATA[2023-08-04T02:48:02.659+07:00  WARN 21464 --- [           main] o.s.web.servlet.PageNotFound             : No mapping for GET /pong
2023-08-04T02:48:02.660+07:00  INFO 21464 --- [           main] c.a.s.p.internal.LambdaContainerHandler  : 127.0.0.1 null- null [03/08/2023:19:48:02+0700] "GET /pong HTTP/1.1" 404 - "-" "-" combined
]]></system-out>
  </testcase>
</testsuite>